<?xml version="1.0" encoding="UTF-8"?>
<!-- Generated by org.testng.reporters.JUnitXMLReporter -->
<testsuite ignored="0" hostname="Jui" failures="0" tests="3" name="Test" time="67.621" errors="0" timestamp="2020-09-13T18:19:02 IST">
  <testcase classname="amazon.framework.testcases.TestItemSearch" name="ItemSearchTest1" time="0.054"/>
  <testcase classname="amazon.framework.testcases.TestItemSearch" name="ItemSearchTest2" time="0.012"/>
  <testcase classname="amazon.framework.testcases.TestItemSearch" name="ItemSearchTest3" time="0.005"/>
</testsuite> <!-- Test -->
