<?xml version="1.0" encoding="UTF-8"?>
<testng-results ignored="0" total="3" passed="3" failed="0" skipped="0">
  <reporter-output>
    <line>
      <![CDATA[Setting up reports and Test is getting ready]]>
    </line>
    <line>
      <![CDATA[Setting done Test can be statrted]]>
    </line>
    <line>
      <![CDATA[Test is about to end]]>
    </line>
    <line>
      <![CDATA[Reported Generated]]>
    </line>
    <line>
      <![CDATA[Test is about to end]]>
    </line>
    <line>
      <![CDATA[Reported Generated]]>
    </line>
    <line>
      <![CDATA[Test is about to end]]>
    </line>
    <line>
      <![CDATA[Reported Generated]]>
    </line>
  </reporter-output>
  <suite started-at="2020-09-13T18:17:54 IST" name="Suite" finished-at="2020-09-13T18:19:02 IST" duration-ms="67621">
    <groups>
    </groups>
    <test started-at="2020-09-13T18:17:54 IST" name="Test" finished-at="2020-09-13T18:19:02 IST" duration-ms="67621">
      <class name="amazon.framework.testcases.TestItemSearch">
        <test-method is-config="true" signature="setup()[pri:0, instance:amazon.framework.testcases.TestItemSearch@f78a47e]" started-at="2020-09-13T18:17:54 IST" name="setup" finished-at="2020-09-13T18:18:43 IST" duration-ms="48083" status="PASS">
          <reporter-output>
            <line>
              <![CDATA[Setting up reports and Test is getting ready]]>
            </line>
            <line>
              <![CDATA[Setting done Test can be statrted]]>
            </line>
          </reporter-output>
        </test-method> <!-- setup -->
        <test-method signature="ItemSearchTest1()[pri:0, instance:amazon.framework.testcases.TestItemSearch@f78a47e]" started-at="2020-09-13T18:18:43 IST" name="ItemSearchTest1" finished-at="2020-09-13T18:18:43 IST" duration-ms="54" status="PASS">
          <reporter-output>
          </reporter-output>
        </test-method> <!-- ItemSearchTest1 -->
        <test-method is-config="true" signature="tearDownMethod(org.testng.ITestResult)[pri:0, instance:amazon.framework.testcases.TestItemSearch@f78a47e]" started-at="2020-09-13T18:18:43 IST" name="tearDownMethod" finished-at="2020-09-13T18:18:47 IST" duration-ms="3910" status="PASS">
          <params>
            <param index="0">
              <value>
                <![CDATA[[TestResult name=ItemSearchTest1 status=SUCCESS method=TestItemSearch.ItemSearchTest1()[pri:0, instance:amazon.framework.testcases.TestItemSearch@f78a47e] output={null}]]]>
              </value>
            </param>
          </params>
          <reporter-output>
            <line>
              <![CDATA[Test is about to end]]>
            </line>
            <line>
              <![CDATA[Reported Generated]]>
            </line>
          </reporter-output>
        </test-method> <!-- tearDownMethod -->
        <test-method signature="ItemSearchTest2()[pri:0, instance:amazon.framework.testcases.TestItemSearch@f78a47e]" started-at="2020-09-13T18:18:47 IST" name="ItemSearchTest2" finished-at="2020-09-13T18:18:47 IST" duration-ms="12" status="PASS">
          <reporter-output>
          </reporter-output>
        </test-method> <!-- ItemSearchTest2 -->
        <test-method is-config="true" signature="tearDownMethod(org.testng.ITestResult)[pri:0, instance:amazon.framework.testcases.TestItemSearch@f78a47e]" started-at="2020-09-13T18:18:47 IST" name="tearDownMethod" finished-at="2020-09-13T18:18:48 IST" duration-ms="1258" status="PASS">
          <params>
            <param index="0">
              <value>
                <![CDATA[[TestResult name=ItemSearchTest2 status=SUCCESS method=TestItemSearch.ItemSearchTest2()[pri:0, instance:amazon.framework.testcases.TestItemSearch@f78a47e] output={null}]]]>
              </value>
            </param>
          </params>
          <reporter-output>
            <line>
              <![CDATA[Test is about to end]]>
            </line>
            <line>
              <![CDATA[Reported Generated]]>
            </line>
          </reporter-output>
        </test-method> <!-- tearDownMethod -->
        <test-method signature="ItemSearchTest3()[pri:0, instance:amazon.framework.testcases.TestItemSearch@f78a47e]" started-at="2020-09-13T18:18:48 IST" name="ItemSearchTest3" finished-at="2020-09-13T18:18:48 IST" duration-ms="5" status="PASS">
          <reporter-output>
          </reporter-output>
        </test-method> <!-- ItemSearchTest3 -->
        <test-method is-config="true" signature="tearDownMethod(org.testng.ITestResult)[pri:0, instance:amazon.framework.testcases.TestItemSearch@f78a47e]" started-at="2020-09-13T18:18:48 IST" name="tearDownMethod" finished-at="2020-09-13T18:18:49 IST" duration-ms="853" status="PASS">
          <params>
            <param index="0">
              <value>
                <![CDATA[[TestResult name=ItemSearchTest3 status=SUCCESS method=TestItemSearch.ItemSearchTest3()[pri:0, instance:amazon.framework.testcases.TestItemSearch@f78a47e] output={null}]]]>
              </value>
            </param>
          </params>
          <reporter-output>
            <line>
              <![CDATA[Test is about to end]]>
            </line>
            <line>
              <![CDATA[Reported Generated]]>
            </line>
          </reporter-output>
        </test-method> <!-- tearDownMethod -->
        <test-method is-config="true" signature="closeBrowser()[pri:0, instance:amazon.framework.testcases.TestItemSearch@f78a47e]" started-at="2020-09-13T18:18:49 IST" name="closeBrowser" finished-at="2020-09-13T18:19:02 IST" duration-ms="13323" status="PASS">
          <reporter-output>
          </reporter-output>
        </test-method> <!-- closeBrowser -->
      </class> <!-- amazon.framework.testcases.TestItemSearch -->
    </test> <!-- Test -->
  </suite> <!-- Suite -->
</testng-results>
